<?xml version="1.0" encoding="UTF-8"?>
<!-- Generated by org.testng.reporters.JUnitXMLReporter -->
<testsuite ignored="0" hostname="LAPTOP-2GMD4EUC" failures="0" tests="7" name="Default test" time="24.519" errors="0" timestamp="25 Jun 2018 15:25:08 GMT">
  <testcase classname="dataPrivider.Facebook" name="FacebookSignUp" time="4.391"/>
  <testcase classname="dataPrivider.Facebook" name="FacebookSignUp" time="2.573"/>
  <testcase classname="dataPrivider.Facebook" name="FacebookSignUp" time="2.4"/>
  <testcase classname="dataPrivider.Facebook" name="FacebookSignUp" time="2.052"/>
  <testcase classname="dataPrivider.Facebook" name="FacebookSignUp" time="1.98"/>
  <testcase classname="dataPrivider.Facebook" name="FacebookSignUp" time="2.125"/>
  <testcase classname="dataPrivider.Facebook" name="FacebookSignUp" time="1.934"/>
</testsuite> <!-- Default test -->
