<?xml version="1.0" encoding="UTF-8"?>
<!-- Generated by org.testng.reporters.JUnitXMLReporter -->
<testsuite ignored="0" hostname="LAPTOP-2GMD4EUC" failures="0" tests="7" name="Default test" time="29.735" errors="0" timestamp="25 Jun 2018 16:45:49 GMT">
  <testcase classname="dataPrivider.Xpath" name="FacebookSignUp" time="3.747"/>
  <testcase classname="dataPrivider.Xpath" name="FacebookSignUp" time="3.507"/>
  <testcase classname="dataPrivider.Xpath" name="FacebookSignUp" time="3.478"/>
  <testcase classname="dataPrivider.Xpath" name="FacebookSignUp" time="3.579"/>
  <testcase classname="dataPrivider.Xpath" name="FacebookSignUp" time="3.5"/>
  <testcase classname="dataPrivider.Xpath" name="FacebookSignUp" time="3.516"/>
  <testcase classname="dataPrivider.Xpath" name="FacebookSignUp" time="3.468"/>
</testsuite> <!-- Default test -->
